{DEBUG}  com.dutybank.MainDutyBank   *       10-Jan-2021 Sunday CST 08:34:31
{DEBUG}  com.dutybank.MainDutyBank   *       10-Jan-2021 Sunday CST 08:34:31
{DEBUG}  com.dutybank.MainDutyBank   *       10-Jan-2021 Sunday CST 08:34:31
{DEBUG}  com.dutybank.MainDutyBank   *       10-Jan-2021 Sunday CST 08:34:31
{DEBUG}  com.dutybank.MainDutyBank   *       10-Jan-2021 Sunday CST 08:34:31
{DEBUG}  com.dutybank.MainDutyBank   *       10-Jan-2021 Sunday CST 08:34:31
{DEBUG}  com.dutybank.MainDutyBank           10-Jan-2021 Sunday CST 08:34:31
{DEBUG}  com.dutybank.MainDutyBank   
       10-Jan-2021 Sunday CST 08:34:31
{DEBUG}  com.dutybank.MainDutyBank   *       10-Jan-2021 Sunday CST 08:34:31
{DEBUG}  com.dutybank.MainDutyBank           10-Jan-2021 Sunday CST 08:34:31
{DEBUG}  com.dutybank.MainDutyBank           10-Jan-2021 Sunday CST 08:34:31
{DEBUG}  com.dutybank.MainDutyBank           10-Jan-2021 Sunday CST 08:34:31
{DEBUG}  com.dutybank.MainDutyBank           10-Jan-2021 Sunday CST 08:34:31
{DEBUG}  com.dutybank.MainDutyBank           10-Jan-2021 Sunday CST 08:34:31
{DEBUG}  com.dutybank.MainDutyBank   *       10-Jan-2021 Sunday CST 08:34:31
{DEBUG}  com.dutybank.MainDutyBank   
       10-Jan-2021 Sunday CST 08:34:31
{DEBUG}  com.dutybank.MainDutyBank   *       10-Jan-2021 Sunday CST 08:34:31
{DEBUG}  com.dutybank.MainDutyBank           10-Jan-2021 Sunday CST 08:34:31
{DEBUG}  com.dutybank.MainDutyBank           10-Jan-2021 Sunday CST 08:34:31
{DEBUG}  com.dutybank.MainDutyBank           10-Jan-2021 Sunday CST 08:34:31
{DEBUG}  com.dutybank.MainDutyBank           10-Jan-2021 Sunday CST 08:34:31
{DEBUG}  com.dutybank.MainDutyBank           10-Jan-2021 Sunday CST 08:34:31
{DEBUG}  com.dutybank.MainDutyBank   *       10-Jan-2021 Sunday CST 08:34:31
{DEBUG}  com.dutybank.MainDutyBank   
       10-Jan-2021 Sunday CST 08:34:31
{DEBUG}  com.dutybank.MainDutyBank   *       10-Jan-2021 Sunday CST 08:34:31
{DEBUG}  com.dutybank.MainDutyBank           10-Jan-2021 Sunday CST 08:34:31
{DEBUG}  com.dutybank.MainDutyBank           10-Jan-2021 Sunday CST 08:34:31
{DEBUG}  com.dutybank.MainDutyBank           10-Jan-2021 Sunday CST 08:34:31
{DEBUG}  com.dutybank.MainDutyBank           10-Jan-2021 Sunday CST 08:34:31
{DEBUG}  com.dutybank.MainDutyBank           10-Jan-2021 Sunday CST 08:34:31
{DEBUG}  com.dutybank.MainDutyBank   *       10-Jan-2021 Sunday CST 08:34:31
{DEBUG}  com.dutybank.MainDutyBank   
       10-Jan-2021 Sunday CST 08:34:31
{DEBUG}  com.dutybank.MainDutyBank   *       10-Jan-2021 Sunday CST 08:34:31
{DEBUG}  com.dutybank.MainDutyBank           10-Jan-2021 Sunday CST 08:34:31
{DEBUG}  com.dutybank.MainDutyBank           10-Jan-2021 Sunday CST 08:34:31
{DEBUG}  com.dutybank.MainDutyBank           10-Jan-2021 Sunday CST 08:34:31
{DEBUG}  com.dutybank.MainDutyBank           10-Jan-2021 Sunday CST 08:34:31
{DEBUG}  com.dutybank.MainDutyBank           10-Jan-2021 Sunday CST 08:34:31
{DEBUG}  com.dutybank.MainDutyBank   *       10-Jan-2021 Sunday CST 08:34:31
{DEBUG}  com.dutybank.MainDutyBank   
       10-Jan-2021 Sunday CST 08:34:31
{DEBUG}  com.dutybank.MainDutyBank   *       10-Jan-2021 Sunday CST 08:34:31
{DEBUG}  com.dutybank.MainDutyBank   *       10-Jan-2021 Sunday CST 08:34:31
{DEBUG}  com.dutybank.MainDutyBank   *       10-Jan-2021 Sunday CST 08:34:31
{DEBUG}  com.dutybank.MainDutyBank   *       10-Jan-2021 Sunday CST 08:34:31
{DEBUG}  com.dutybank.MainDutyBank   *       10-Jan-2021 Sunday CST 08:34:31
{DEBUG}  com.dutybank.MainDutyBank   *       10-Jan-2021 Sunday CST 08:34:31
{DEBUG}  com.dutybank.MainDutyBank           10-Jan-2021 Sunday CST 08:34:31
{DEBUG}  com.dutybank.MainDutyBank   
       10-Jan-2021 Sunday CST 08:34:31
{DEBUG}  com.dutybank.MainDutyBank   *       10-Jan-2021 Sunday CST 08:34:31
{DEBUG}  com.dutybank.MainDutyBank   *       10-Jan-2021 Sunday CST 08:34:31
{DEBUG}  com.dutybank.MainDutyBank   *       10-Jan-2021 Sunday CST 08:34:31
{DEBUG}  com.dutybank.MainDutyBank   *       10-Jan-2021 Sunday CST 08:34:31
{DEBUG}  com.dutybank.MainDutyBank   *       10-Jan-2021 Sunday CST 08:34:31
{DEBUG}  com.dutybank.MainDutyBank   *       10-Jan-2021 Sunday CST 08:34:31
{DEBUG}  com.dutybank.MainDutyBank   *       10-Jan-2021 Sunday CST 08:34:31
{DEBUG}  com.dutybank.MainDutyBank   *       10-Jan-2021 Sunday CST 08:34:31
{DEBUG}  com.dutybank.MainDutyBank   *       10-Jan-2021 Sunday CST 08:34:31
{DEBUG}  com.dutybank.MainDutyBank           10-Jan-2021 Sunday CST 08:34:31
{DEBUG}  com.dutybank.MainDutyBank           10-Jan-2021 Sunday CST 08:34:31
{DEBUG}  com.dutybank.MainDutyBank   
       10-Jan-2021 Sunday CST 08:34:31
{DEBUG}  com.dutybank.MainDutyBank   *       10-Jan-2021 Sunday CST 08:34:31
{DEBUG}  com.dutybank.MainDutyBank           10-Jan-2021 Sunday CST 08:34:31
{DEBUG}  com.dutybank.MainDutyBank           10-Jan-2021 Sunday CST 08:34:31
{DEBUG}  com.dutybank.MainDutyBank           10-Jan-2021 Sunday CST 08:34:31
{DEBUG}  com.dutybank.MainDutyBank           10-Jan-2021 Sunday CST 08:34:31
{DEBUG}  com.dutybank.MainDutyBank           10-Jan-2021 Sunday CST 08:34:31
{DEBUG}  com.dutybank.MainDutyBank           10-Jan-2021 Sunday CST 08:34:31
{DEBUG}  com.dutybank.MainDutyBank           10-Jan-2021 Sunday CST 08:34:31
{DEBUG}  com.dutybank.MainDutyBank           10-Jan-2021 Sunday CST 08:34:31
{DEBUG}  com.dutybank.MainDutyBank   *       10-Jan-2021 Sunday CST 08:34:31
{DEBUG}  com.dutybank.MainDutyBank           10-Jan-2021 Sunday CST 08:34:31
{DEBUG}  com.dutybank.MainDutyBank   
       10-Jan-2021 Sunday CST 08:34:31
{DEBUG}  com.dutybank.MainDutyBank   *       10-Jan-2021 Sunday CST 08:34:31
{DEBUG}  com.dutybank.MainDutyBank           10-Jan-2021 Sunday CST 08:34:31
{DEBUG}  com.dutybank.MainDutyBank           10-Jan-2021 Sunday CST 08:34:31
{DEBUG}  com.dutybank.MainDutyBank           10-Jan-2021 Sunday CST 08:34:31
{DEBUG}  com.dutybank.MainDutyBank           10-Jan-2021 Sunday CST 08:34:31
{DEBUG}  com.dutybank.MainDutyBank           10-Jan-2021 Sunday CST 08:34:31
{DEBUG}  com.dutybank.MainDutyBank           10-Jan-2021 Sunday CST 08:34:31
{DEBUG}  com.dutybank.MainDutyBank           10-Jan-2021 Sunday CST 08:34:31
{DEBUG}  com.dutybank.MainDutyBank           10-Jan-2021 Sunday CST 08:34:31
{DEBUG}  com.dutybank.MainDutyBank   *       10-Jan-2021 Sunday CST 08:34:31
{DEBUG}  com.dutybank.MainDutyBank           10-Jan-2021 Sunday CST 08:34:31
{DEBUG}  com.dutybank.MainDutyBank   
       10-Jan-2021 Sunday CST 08:34:31
{DEBUG}  com.dutybank.MainDutyBank   *       10-Jan-2021 Sunday CST 08:34:31
{DEBUG}  com.dutybank.MainDutyBank   *       10-Jan-2021 Sunday CST 08:34:31
{DEBUG}  com.dutybank.MainDutyBank   *       10-Jan-2021 Sunday CST 08:34:31
{DEBUG}  com.dutybank.MainDutyBank   *       10-Jan-2021 Sunday CST 08:34:31
{DEBUG}  com.dutybank.MainDutyBank   *       10-Jan-2021 Sunday CST 08:34:31
{DEBUG}  com.dutybank.MainDutyBank   *       10-Jan-2021 Sunday CST 08:34:31
{DEBUG}  com.dutybank.MainDutyBank   *       10-Jan-2021 Sunday CST 08:34:31
{DEBUG}  com.dutybank.MainDutyBank   *       10-Jan-2021 Sunday CST 08:34:31
{DEBUG}  com.dutybank.MainDutyBank   *       10-Jan-2021 Sunday CST 08:34:31
{DEBUG}  com.dutybank.MainDutyBank           10-Jan-2021 Sunday CST 08:34:31
{DEBUG}  com.dutybank.MainDutyBank           10-Jan-2021 Sunday CST 08:34:31
{DEBUG}  com.dutybank.MainDutyBank   
       10-Jan-2021 Sunday CST 08:34:31
{DEBUG}  com.dutybank.MainDutyBank   *       10-Jan-2021 Sunday CST 08:34:31
{DEBUG}  com.dutybank.MainDutyBank           10-Jan-2021 Sunday CST 08:34:31
{DEBUG}  com.dutybank.MainDutyBank           10-Jan-2021 Sunday CST 08:34:31
{DEBUG}  com.dutybank.MainDutyBank           10-Jan-2021 Sunday CST 08:34:31
{DEBUG}  com.dutybank.MainDutyBank           10-Jan-2021 Sunday CST 08:34:31
{DEBUG}  com.dutybank.MainDutyBank           10-Jan-2021 Sunday CST 08:34:31
{DEBUG}  com.dutybank.MainDutyBank           10-Jan-2021 Sunday CST 08:34:31
{DEBUG}  com.dutybank.MainDutyBank           10-Jan-2021 Sunday CST 08:34:31
{DEBUG}  com.dutybank.MainDutyBank           10-Jan-2021 Sunday CST 08:34:31
{DEBUG}  com.dutybank.MainDutyBank   *       10-Jan-2021 Sunday CST 08:34:31
{DEBUG}  com.dutybank.MainDutyBank           10-Jan-2021 Sunday CST 08:34:31
{DEBUG}  com.dutybank.MainDutyBank   
       10-Jan-2021 Sunday CST 08:34:31
{DEBUG}  com.dutybank.MainDutyBank   *       10-Jan-2021 Sunday CST 08:34:31
{DEBUG}  com.dutybank.MainDutyBank   *       10-Jan-2021 Sunday CST 08:34:31
{DEBUG}  com.dutybank.MainDutyBank   *       10-Jan-2021 Sunday CST 08:34:31
{DEBUG}  com.dutybank.MainDutyBank   *       10-Jan-2021 Sunday CST 08:34:31
{DEBUG}  com.dutybank.MainDutyBank   *       10-Jan-2021 Sunday CST 08:34:31
{DEBUG}  com.dutybank.MainDutyBank   *       10-Jan-2021 Sunday CST 08:34:31
{DEBUG}  com.dutybank.MainDutyBank   *       10-Jan-2021 Sunday CST 08:34:31
{DEBUG}  com.dutybank.MainDutyBank   *       10-Jan-2021 Sunday CST 08:34:31
{DEBUG}  com.dutybank.MainDutyBank   *       10-Jan-2021 Sunday CST 08:34:31
{DEBUG}  com.dutybank.MainDutyBank           10-Jan-2021 Sunday CST 08:34:31
{DEBUG}  com.dutybank.MainDutyBank           10-Jan-2021 Sunday CST 08:34:31
{DEBUG}  com.dutybank.MainDutyBank   
       10-Jan-2021 Sunday CST 08:34:31
{DEBUG}  com.dutybank.MainDutyBank   
Welcome to DutyBank Management System       10-Jan-2021 Sunday CST 08:34:31
{DEBUG}  com.dutybank.MainDutyBank   

********************** LOG IN ****************************       10-Jan-2021 Sunday CST 08:34:31
{DEBUG}  com.dutybank.MainDutyBank   ****************** Select your Option ********************       10-Jan-2021 Sunday CST 08:34:31
{DEBUG}  com.dutybank.MainDutyBank   
     1. Log In       10-Jan-2021 Sunday CST 08:34:31
{DEBUG}  com.dutybank.MainDutyBank        2. Sign Up       10-Jan-2021 Sunday CST 08:34:31
{DEBUG}  com.dutybank.MainDutyBank        3. EXIT       10-Jan-2021 Sunday CST 08:34:31
{DEBUG}  com.dutybank.MainDutyBank   Please type your option       10-Jan-2021 Sunday CST 08:34:31
{DEBUG}  com.dutybank.MainDutyBank   Enter your email       10-Jan-2021 Sunday CST 08:35:00
{DEBUG}  com.dutybank.MainDutyBank   Enter your password       10-Jan-2021 Sunday CST 08:35:11
{INFO}  com.dutybank.MainDutyBank   User found with num1@custom.com details of the client are :       10-Jan-2021 Sunday CST 08:35:18
{INFO}  com.dutybank.MainDutyBank   UserLogIn [user_id=1, email=num1@custom.com, password=custom1, creation_date=null]       10-Jan-2021 Sunday CST 08:35:18
{DEBUG}  com.dutybank.MainDutyBank   *       10-Jan-2021 Sunday CST 08:35:18
{DEBUG}  com.dutybank.MainDutyBank   *       10-Jan-2021 Sunday CST 08:35:18
{DEBUG}  com.dutybank.MainDutyBank   *       10-Jan-2021 Sunday CST 08:35:18
{DEBUG}  com.dutybank.MainDutyBank   *       10-Jan-2021 Sunday CST 08:35:18
{DEBUG}  com.dutybank.MainDutyBank   *       10-Jan-2021 Sunday CST 08:35:18
{DEBUG}  com.dutybank.MainDutyBank   *       10-Jan-2021 Sunday CST 08:35:18
{DEBUG}  com.dutybank.MainDutyBank           10-Jan-2021 Sunday CST 08:35:18
{DEBUG}  com.dutybank.MainDutyBank   
       10-Jan-2021 Sunday CST 08:35:18
{DEBUG}  com.dutybank.MainDutyBank   *       10-Jan-2021 Sunday CST 08:35:18
{DEBUG}  com.dutybank.MainDutyBank           10-Jan-2021 Sunday CST 08:35:18
{DEBUG}  com.dutybank.MainDutyBank           10-Jan-2021 Sunday CST 08:35:18
{DEBUG}  com.dutybank.MainDutyBank           10-Jan-2021 Sunday CST 08:35:18
{DEBUG}  com.dutybank.MainDutyBank           10-Jan-2021 Sunday CST 08:35:18
{DEBUG}  com.dutybank.MainDutyBank           10-Jan-2021 Sunday CST 08:35:18
{DEBUG}  com.dutybank.MainDutyBank   *       10-Jan-2021 Sunday CST 08:35:18
{DEBUG}  com.dutybank.MainDutyBank   
       10-Jan-2021 Sunday CST 08:35:18
{DEBUG}  com.dutybank.MainDutyBank   *       10-Jan-2021 Sunday CST 08:35:18
{DEBUG}  com.dutybank.MainDutyBank           10-Jan-2021 Sunday CST 08:35:18
{DEBUG}  com.dutybank.MainDutyBank           10-Jan-2021 Sunday CST 08:35:18
{DEBUG}  com.dutybank.MainDutyBank           10-Jan-2021 Sunday CST 08:35:18
{DEBUG}  com.dutybank.MainDutyBank           10-Jan-2021 Sunday CST 08:35:18
{DEBUG}  com.dutybank.MainDutyBank           10-Jan-2021 Sunday CST 08:35:18
{DEBUG}  com.dutybank.MainDutyBank   *       10-Jan-2021 Sunday CST 08:35:18
{DEBUG}  com.dutybank.MainDutyBank   
       10-Jan-2021 Sunday CST 08:35:18
{DEBUG}  com.dutybank.MainDutyBank   *       10-Jan-2021 Sunday CST 08:35:18
{DEBUG}  com.dutybank.MainDutyBank           10-Jan-2021 Sunday CST 08:35:18
{DEBUG}  com.dutybank.MainDutyBank           10-Jan-2021 Sunday CST 08:35:18
{DEBUG}  com.dutybank.MainDutyBank           10-Jan-2021 Sunday CST 08:35:18
{DEBUG}  com.dutybank.MainDutyBank           10-Jan-2021 Sunday CST 08:35:18
{DEBUG}  com.dutybank.MainDutyBank           10-Jan-2021 Sunday CST 08:35:18
{DEBUG}  com.dutybank.MainDutyBank   *       10-Jan-2021 Sunday CST 08:35:18
{DEBUG}  com.dutybank.MainDutyBank   
       10-Jan-2021 Sunday CST 08:35:18
{DEBUG}  com.dutybank.MainDutyBank   *       10-Jan-2021 Sunday CST 08:35:18
{DEBUG}  com.dutybank.MainDutyBank           10-Jan-2021 Sunday CST 08:35:18
{DEBUG}  com.dutybank.MainDutyBank           10-Jan-2021 Sunday CST 08:35:18
{DEBUG}  com.dutybank.MainDutyBank           10-Jan-2021 Sunday CST 08:35:18
{DEBUG}  com.dutybank.MainDutyBank           10-Jan-2021 Sunday CST 08:35:18
{DEBUG}  com.dutybank.MainDutyBank           10-Jan-2021 Sunday CST 08:35:18
{DEBUG}  com.dutybank.MainDutyBank   *       10-Jan-2021 Sunday CST 08:35:18
{DEBUG}  com.dutybank.MainDutyBank   
       10-Jan-2021 Sunday CST 08:35:18
{DEBUG}  com.dutybank.MainDutyBank   *       10-Jan-2021 Sunday CST 08:35:18
{DEBUG}  com.dutybank.MainDutyBank   *       10-Jan-2021 Sunday CST 08:35:18
{DEBUG}  com.dutybank.MainDutyBank   *       10-Jan-2021 Sunday CST 08:35:18
{DEBUG}  com.dutybank.MainDutyBank   *       10-Jan-2021 Sunday CST 08:35:18
{DEBUG}  com.dutybank.MainDutyBank   *       10-Jan-2021 Sunday CST 08:35:18
{DEBUG}  com.dutybank.MainDutyBank   *       10-Jan-2021 Sunday CST 08:35:18
{DEBUG}  com.dutybank.MainDutyBank           10-Jan-2021 Sunday CST 08:35:18
{DEBUG}  com.dutybank.MainDutyBank   
       10-Jan-2021 Sunday CST 08:35:18
{DEBUG}  com.dutybank.MainDutyBank   *       10-Jan-2021 Sunday CST 08:35:18
{DEBUG}  com.dutybank.MainDutyBank   *       10-Jan-2021 Sunday CST 08:35:18
{DEBUG}  com.dutybank.MainDutyBank   *       10-Jan-2021 Sunday CST 08:35:18
{DEBUG}  com.dutybank.MainDutyBank   *       10-Jan-2021 Sunday CST 08:35:18
{DEBUG}  com.dutybank.MainDutyBank   *       10-Jan-2021 Sunday CST 08:35:18
{DEBUG}  com.dutybank.MainDutyBank   *       10-Jan-2021 Sunday CST 08:35:18
{DEBUG}  com.dutybank.MainDutyBank   *       10-Jan-2021 Sunday CST 08:35:18
{DEBUG}  com.dutybank.MainDutyBank   *       10-Jan-2021 Sunday CST 08:35:18
{DEBUG}  com.dutybank.MainDutyBank   *       10-Jan-2021 Sunday CST 08:35:18
{DEBUG}  com.dutybank.MainDutyBank           10-Jan-2021 Sunday CST 08:35:18
{DEBUG}  com.dutybank.MainDutyBank           10-Jan-2021 Sunday CST 08:35:18
{DEBUG}  com.dutybank.MainDutyBank   
       10-Jan-2021 Sunday CST 08:35:18
{DEBUG}  com.dutybank.MainDutyBank   *       10-Jan-2021 Sunday CST 08:35:18
{DEBUG}  com.dutybank.MainDutyBank           10-Jan-2021 Sunday CST 08:35:18
{DEBUG}  com.dutybank.MainDutyBank           10-Jan-2021 Sunday CST 08:35:18
{DEBUG}  com.dutybank.MainDutyBank           10-Jan-2021 Sunday CST 08:35:18
{DEBUG}  com.dutybank.MainDutyBank           10-Jan-2021 Sunday CST 08:35:18
{DEBUG}  com.dutybank.MainDutyBank           10-Jan-2021 Sunday CST 08:35:18
{DEBUG}  com.dutybank.MainDutyBank           10-Jan-2021 Sunday CST 08:35:18
{DEBUG}  com.dutybank.MainDutyBank           10-Jan-2021 Sunday CST 08:35:18
{DEBUG}  com.dutybank.MainDutyBank           10-Jan-2021 Sunday CST 08:35:18
{DEBUG}  com.dutybank.MainDutyBank   *       10-Jan-2021 Sunday CST 08:35:18
{DEBUG}  com.dutybank.MainDutyBank           10-Jan-2021 Sunday CST 08:35:18
{DEBUG}  com.dutybank.MainDutyBank   
       10-Jan-2021 Sunday CST 08:35:18
{DEBUG}  com.dutybank.MainDutyBank   *       10-Jan-2021 Sunday CST 08:35:18
{DEBUG}  com.dutybank.MainDutyBank           10-Jan-2021 Sunday CST 08:35:18
{DEBUG}  com.dutybank.MainDutyBank           10-Jan-2021 Sunday CST 08:35:18
{DEBUG}  com.dutybank.MainDutyBank           10-Jan-2021 Sunday CST 08:35:18
{DEBUG}  com.dutybank.MainDutyBank           10-Jan-2021 Sunday CST 08:35:18
{DEBUG}  com.dutybank.MainDutyBank           10-Jan-2021 Sunday CST 08:35:18
{DEBUG}  com.dutybank.MainDutyBank           10-Jan-2021 Sunday CST 08:35:18
{DEBUG}  com.dutybank.MainDutyBank           10-Jan-2021 Sunday CST 08:35:18
{DEBUG}  com.dutybank.MainDutyBank           10-Jan-2021 Sunday CST 08:35:18
{DEBUG}  com.dutybank.MainDutyBank   *       10-Jan-2021 Sunday CST 08:35:18
{DEBUG}  com.dutybank.MainDutyBank           10-Jan-2021 Sunday CST 08:35:18
{DEBUG}  com.dutybank.MainDutyBank   
       10-Jan-2021 Sunday CST 08:35:18
{DEBUG}  com.dutybank.MainDutyBank   *       10-Jan-2021 Sunday CST 08:35:18
{DEBUG}  com.dutybank.MainDutyBank   *       10-Jan-2021 Sunday CST 08:35:18
{DEBUG}  com.dutybank.MainDutyBank   *       10-Jan-2021 Sunday CST 08:35:18
{DEBUG}  com.dutybank.MainDutyBank   *       10-Jan-2021 Sunday CST 08:35:18
{DEBUG}  com.dutybank.MainDutyBank   *       10-Jan-2021 Sunday CST 08:35:18
{DEBUG}  com.dutybank.MainDutyBank   *       10-Jan-2021 Sunday CST 08:35:18
{DEBUG}  com.dutybank.MainDutyBank   *       10-Jan-2021 Sunday CST 08:35:18
{DEBUG}  com.dutybank.MainDutyBank   *       10-Jan-2021 Sunday CST 08:35:18
{DEBUG}  com.dutybank.MainDutyBank   *       10-Jan-2021 Sunday CST 08:35:18
{DEBUG}  com.dutybank.MainDutyBank           10-Jan-2021 Sunday CST 08:35:18
{DEBUG}  com.dutybank.MainDutyBank           10-Jan-2021 Sunday CST 08:35:18
{DEBUG}  com.dutybank.MainDutyBank   
       10-Jan-2021 Sunday CST 08:35:18
{DEBUG}  com.dutybank.MainDutyBank   *       10-Jan-2021 Sunday CST 08:35:18
{DEBUG}  com.dutybank.MainDutyBank           10-Jan-2021 Sunday CST 08:35:18
{DEBUG}  com.dutybank.MainDutyBank           10-Jan-2021 Sunday CST 08:35:18
{DEBUG}  com.dutybank.MainDutyBank           10-Jan-2021 Sunday CST 08:35:18
{DEBUG}  com.dutybank.MainDutyBank           10-Jan-2021 Sunday CST 08:35:18
{DEBUG}  com.dutybank.MainDutyBank           10-Jan-2021 Sunday CST 08:35:18
{DEBUG}  com.dutybank.MainDutyBank           10-Jan-2021 Sunday CST 08:35:18
{DEBUG}  com.dutybank.MainDutyBank           10-Jan-2021 Sunday CST 08:35:18
{DEBUG}  com.dutybank.MainDutyBank           10-Jan-2021 Sunday CST 08:35:18
{DEBUG}  com.dutybank.MainDutyBank   *       10-Jan-2021 Sunday CST 08:35:18
{DEBUG}  com.dutybank.MainDutyBank           10-Jan-2021 Sunday CST 08:35:18
{DEBUG}  com.dutybank.MainDutyBank   
       10-Jan-2021 Sunday CST 08:35:18
{DEBUG}  com.dutybank.MainDutyBank   *       10-Jan-2021 Sunday CST 08:35:18
{DEBUG}  com.dutybank.MainDutyBank   *       10-Jan-2021 Sunday CST 08:35:18
{DEBUG}  com.dutybank.MainDutyBank   *       10-Jan-2021 Sunday CST 08:35:18
{DEBUG}  com.dutybank.MainDutyBank   *       10-Jan-2021 Sunday CST 08:35:18
{DEBUG}  com.dutybank.MainDutyBank   *       10-Jan-2021 Sunday CST 08:35:18
{DEBUG}  com.dutybank.MainDutyBank   *       10-Jan-2021 Sunday CST 08:35:18
{DEBUG}  com.dutybank.MainDutyBank   *       10-Jan-2021 Sunday CST 08:35:18
{DEBUG}  com.dutybank.MainDutyBank   *       10-Jan-2021 Sunday CST 08:35:18
{DEBUG}  com.dutybank.MainDutyBank   *       10-Jan-2021 Sunday CST 08:35:18
{DEBUG}  com.dutybank.MainDutyBank           10-Jan-2021 Sunday CST 08:35:18
{DEBUG}  com.dutybank.MainDutyBank           10-Jan-2021 Sunday CST 08:35:18
{DEBUG}  com.dutybank.MainDutyBank   
       10-Jan-2021 Sunday CST 08:35:18
{DEBUG}  com.dutybank.MainDutyBank   
************* DutyBank Client Options Menu ***************       10-Jan-2021 Sunday CST 08:35:18
{DEBUG}  com.dutybank.MainDutyBank   
     1. Open a New Account       10-Jan-2021 Sunday CST 08:35:18
{DEBUG}  com.dutybank.MainDutyBank        2. Deposit Money       10-Jan-2021 Sunday CST 08:35:18
{DEBUG}  com.dutybank.MainDutyBank        3. Withdraw Money       10-Jan-2021 Sunday CST 08:35:18
{DEBUG}  com.dutybank.MainDutyBank        4. View Balance       10-Jan-2021 Sunday CST 08:35:18
{DEBUG}  com.dutybank.MainDutyBank        5. Post Money to Transfer       10-Jan-2021 Sunday CST 08:35:18
{DEBUG}  com.dutybank.MainDutyBank        6. Accept Money from Transfer       10-Jan-2021 Sunday CST 08:35:18
{DEBUG}  com.dutybank.MainDutyBank        7. EXIT       10-Jan-2021 Sunday CST 08:35:18
{DEBUG}  com.dutybank.MainDutyBank   
Please enter your choice       10-Jan-2021 Sunday CST 08:35:18
{DEBUG}  com.dutybank.MainDutyBank   Enter Account Id       10-Jan-2021 Sunday CST 08:35:23
{DEBUG}  com.dutybank.MainDutyBank   Enter the account type you want       10-Jan-2021 Sunday CST 08:35:39
{DEBUG}  com.dutybank.MainDutyBank   Enter the amount you want deposit       10-Jan-2021 Sunday CST 08:35:46
{DEBUG}  com.dutybank.MainDutyBank   New account: BankAccount [accountid=1001, accounttype=checks, clientid=1, accountbalance=4563.87, accountrate=0.0, accountopen=Sun Jan 10 08:35:50 CST 2021]       10-Jan-2021 Sunday CST 08:35:50
{INFO}  com.dutybank.MainDutyBank   Account created successfully       10-Jan-2021 Sunday CST 08:35:51
{DEBUG}  com.dutybank.MainDutyBank   
Please enter your choice       10-Jan-2021 Sunday CST 08:35:51
{DEBUG}  com.dutybank.MainDutyBank   Enter Account Id       10-Jan-2021 Sunday CST 08:36:06
{DEBUG}  com.dutybank.MainDutyBank   Enter the account type you want       10-Jan-2021 Sunday CST 08:36:15
{DEBUG}  com.dutybank.MainDutyBank   Enter the amount you want deposit       10-Jan-2021 Sunday CST 08:36:23
{DEBUG}  com.dutybank.MainDutyBank   New account: BankAccount [accountid=1002, accounttype=savings, clientid=1, accountbalance=4587.36, accountrate=0.0375, accountopen=Sun Jan 10 08:36:28 CST 2021]       10-Jan-2021 Sunday CST 08:36:28
{INFO}  com.dutybank.MainDutyBank   Account created successfully       10-Jan-2021 Sunday CST 08:36:28
{DEBUG}  com.dutybank.MainDutyBank   
Please enter your choice       10-Jan-2021 Sunday CST 08:36:28
{DEBUG}  com.dutybank.MainDutyBank   *       10-Jan-2021 Sunday CST 08:53:26
{DEBUG}  com.dutybank.MainDutyBank   *       10-Jan-2021 Sunday CST 08:53:26
{DEBUG}  com.dutybank.MainDutyBank   *       10-Jan-2021 Sunday CST 08:53:26
{DEBUG}  com.dutybank.MainDutyBank   *       10-Jan-2021 Sunday CST 08:53:26
{DEBUG}  com.dutybank.MainDutyBank   *       10-Jan-2021 Sunday CST 08:53:26
{DEBUG}  com.dutybank.MainDutyBank   *       10-Jan-2021 Sunday CST 08:53:26
{DEBUG}  com.dutybank.MainDutyBank           10-Jan-2021 Sunday CST 08:53:26
{DEBUG}  com.dutybank.MainDutyBank   
       10-Jan-2021 Sunday CST 08:53:26
{DEBUG}  com.dutybank.MainDutyBank   *       10-Jan-2021 Sunday CST 08:53:26
{DEBUG}  com.dutybank.MainDutyBank           10-Jan-2021 Sunday CST 08:53:26
{DEBUG}  com.dutybank.MainDutyBank           10-Jan-2021 Sunday CST 08:53:26
{DEBUG}  com.dutybank.MainDutyBank           10-Jan-2021 Sunday CST 08:53:26
{DEBUG}  com.dutybank.MainDutyBank           10-Jan-2021 Sunday CST 08:53:26
{DEBUG}  com.dutybank.MainDutyBank           10-Jan-2021 Sunday CST 08:53:26
{DEBUG}  com.dutybank.MainDutyBank   *       10-Jan-2021 Sunday CST 08:53:26
{DEBUG}  com.dutybank.MainDutyBank   
       10-Jan-2021 Sunday CST 08:53:26
{DEBUG}  com.dutybank.MainDutyBank   *       10-Jan-2021 Sunday CST 08:53:26
{DEBUG}  com.dutybank.MainDutyBank           10-Jan-2021 Sunday CST 08:53:26
{DEBUG}  com.dutybank.MainDutyBank           10-Jan-2021 Sunday CST 08:53:26
{DEBUG}  com.dutybank.MainDutyBank           10-Jan-2021 Sunday CST 08:53:26
{DEBUG}  com.dutybank.MainDutyBank           10-Jan-2021 Sunday CST 08:53:26
{DEBUG}  com.dutybank.MainDutyBank           10-Jan-2021 Sunday CST 08:53:26
{DEBUG}  com.dutybank.MainDutyBank   *       10-Jan-2021 Sunday CST 08:53:26
{DEBUG}  com.dutybank.MainDutyBank   
       10-Jan-2021 Sunday CST 08:53:26
{DEBUG}  com.dutybank.MainDutyBank   *       10-Jan-2021 Sunday CST 08:53:26
{DEBUG}  com.dutybank.MainDutyBank           10-Jan-2021 Sunday CST 08:53:26
{DEBUG}  com.dutybank.MainDutyBank           10-Jan-2021 Sunday CST 08:53:26
{DEBUG}  com.dutybank.MainDutyBank           10-Jan-2021 Sunday CST 08:53:26
{DEBUG}  com.dutybank.MainDutyBank           10-Jan-2021 Sunday CST 08:53:26
{DEBUG}  com.dutybank.MainDutyBank           10-Jan-2021 Sunday CST 08:53:26
{DEBUG}  com.dutybank.MainDutyBank   *       10-Jan-2021 Sunday CST 08:53:26
{DEBUG}  com.dutybank.MainDutyBank   
       10-Jan-2021 Sunday CST 08:53:26
{DEBUG}  com.dutybank.MainDutyBank   *       10-Jan-2021 Sunday CST 08:53:26
{DEBUG}  com.dutybank.MainDutyBank           10-Jan-2021 Sunday CST 08:53:26
{DEBUG}  com.dutybank.MainDutyBank           10-Jan-2021 Sunday CST 08:53:26
{DEBUG}  com.dutybank.MainDutyBank           10-Jan-2021 Sunday CST 08:53:26
{DEBUG}  com.dutybank.MainDutyBank           10-Jan-2021 Sunday CST 08:53:26
{DEBUG}  com.dutybank.MainDutyBank           10-Jan-2021 Sunday CST 08:53:26
{DEBUG}  com.dutybank.MainDutyBank   *       10-Jan-2021 Sunday CST 08:53:26
{DEBUG}  com.dutybank.MainDutyBank   
       10-Jan-2021 Sunday CST 08:53:26
{DEBUG}  com.dutybank.MainDutyBank   *       10-Jan-2021 Sunday CST 08:53:26
{DEBUG}  com.dutybank.MainDutyBank   *       10-Jan-2021 Sunday CST 08:53:26
{DEBUG}  com.dutybank.MainDutyBank   *       10-Jan-2021 Sunday CST 08:53:26
{DEBUG}  com.dutybank.MainDutyBank   *       10-Jan-2021 Sunday CST 08:53:26
{DEBUG}  com.dutybank.MainDutyBank   *       10-Jan-2021 Sunday CST 08:53:26
{DEBUG}  com.dutybank.MainDutyBank   *       10-Jan-2021 Sunday CST 08:53:26
{DEBUG}  com.dutybank.MainDutyBank           10-Jan-2021 Sunday CST 08:53:26
{DEBUG}  com.dutybank.MainDutyBank   
       10-Jan-2021 Sunday CST 08:53:26
{DEBUG}  com.dutybank.MainDutyBank   *       10-Jan-2021 Sunday CST 08:53:26
{DEBUG}  com.dutybank.MainDutyBank   *       10-Jan-2021 Sunday CST 08:53:26
{DEBUG}  com.dutybank.MainDutyBank   *       10-Jan-2021 Sunday CST 08:53:26
{DEBUG}  com.dutybank.MainDutyBank   *       10-Jan-2021 Sunday CST 08:53:26
{DEBUG}  com.dutybank.MainDutyBank   *       10-Jan-2021 Sunday CST 08:53:26
{DEBUG}  com.dutybank.MainDutyBank   *       10-Jan-2021 Sunday CST 08:53:26
{DEBUG}  com.dutybank.MainDutyBank   *       10-Jan-2021 Sunday CST 08:53:26
{DEBUG}  com.dutybank.MainDutyBank   *       10-Jan-2021 Sunday CST 08:53:26
{DEBUG}  com.dutybank.MainDutyBank   *       10-Jan-2021 Sunday CST 08:53:26
{DEBUG}  com.dutybank.MainDutyBank           10-Jan-2021 Sunday CST 08:53:26
{DEBUG}  com.dutybank.MainDutyBank           10-Jan-2021 Sunday CST 08:53:26
{DEBUG}  com.dutybank.MainDutyBank   
       10-Jan-2021 Sunday CST 08:53:26
{DEBUG}  com.dutybank.MainDutyBank   *       10-Jan-2021 Sunday CST 08:53:26
{DEBUG}  com.dutybank.MainDutyBank           10-Jan-2021 Sunday CST 08:53:26
{DEBUG}  com.dutybank.MainDutyBank           10-Jan-2021 Sunday CST 08:53:26
{DEBUG}  com.dutybank.MainDutyBank           10-Jan-2021 Sunday CST 08:53:26
{DEBUG}  com.dutybank.MainDutyBank           10-Jan-2021 Sunday CST 08:53:26
{DEBUG}  com.dutybank.MainDutyBank           10-Jan-2021 Sunday CST 08:53:26
{DEBUG}  com.dutybank.MainDutyBank           10-Jan-2021 Sunday CST 08:53:26
{DEBUG}  com.dutybank.MainDutyBank           10-Jan-2021 Sunday CST 08:53:26
{DEBUG}  com.dutybank.MainDutyBank           10-Jan-2021 Sunday CST 08:53:26
{DEBUG}  com.dutybank.MainDutyBank   *       10-Jan-2021 Sunday CST 08:53:26
{DEBUG}  com.dutybank.MainDutyBank           10-Jan-2021 Sunday CST 08:53:26
{DEBUG}  com.dutybank.MainDutyBank   
       10-Jan-2021 Sunday CST 08:53:26
{DEBUG}  com.dutybank.MainDutyBank   *       10-Jan-2021 Sunday CST 08:53:26
{DEBUG}  com.dutybank.MainDutyBank           10-Jan-2021 Sunday CST 08:53:26
{DEBUG}  com.dutybank.MainDutyBank           10-Jan-2021 Sunday CST 08:53:26
{DEBUG}  com.dutybank.MainDutyBank           10-Jan-2021 Sunday CST 08:53:26
{DEBUG}  com.dutybank.MainDutyBank           10-Jan-2021 Sunday CST 08:53:26
{DEBUG}  com.dutybank.MainDutyBank           10-Jan-2021 Sunday CST 08:53:26
{DEBUG}  com.dutybank.MainDutyBank           10-Jan-2021 Sunday CST 08:53:26
{DEBUG}  com.dutybank.MainDutyBank           10-Jan-2021 Sunday CST 08:53:26
{DEBUG}  com.dutybank.MainDutyBank           10-Jan-2021 Sunday CST 08:53:26
{DEBUG}  com.dutybank.MainDutyBank   *       10-Jan-2021 Sunday CST 08:53:26
{DEBUG}  com.dutybank.MainDutyBank           10-Jan-2021 Sunday CST 08:53:26
{DEBUG}  com.dutybank.MainDutyBank   
       10-Jan-2021 Sunday CST 08:53:26
{DEBUG}  com.dutybank.MainDutyBank   *       10-Jan-2021 Sunday CST 08:53:26
{DEBUG}  com.dutybank.MainDutyBank   *       10-Jan-2021 Sunday CST 08:53:26
{DEBUG}  com.dutybank.MainDutyBank   *       10-Jan-2021 Sunday CST 08:53:26
{DEBUG}  com.dutybank.MainDutyBank   *       10-Jan-2021 Sunday CST 08:53:26
{DEBUG}  com.dutybank.MainDutyBank   *       10-Jan-2021 Sunday CST 08:53:26
{DEBUG}  com.dutybank.MainDutyBank   *       10-Jan-2021 Sunday CST 08:53:26
{DEBUG}  com.dutybank.MainDutyBank   *       10-Jan-2021 Sunday CST 08:53:26
{DEBUG}  com.dutybank.MainDutyBank   *       10-Jan-2021 Sunday CST 08:53:26
{DEBUG}  com.dutybank.MainDutyBank   *       10-Jan-2021 Sunday CST 08:53:26
{DEBUG}  com.dutybank.MainDutyBank           10-Jan-2021 Sunday CST 08:53:26
{DEBUG}  com.dutybank.MainDutyBank           10-Jan-2021 Sunday CST 08:53:26
{DEBUG}  com.dutybank.MainDutyBank   
       10-Jan-2021 Sunday CST 08:53:26
{DEBUG}  com.dutybank.MainDutyBank   *       10-Jan-2021 Sunday CST 08:53:26
{DEBUG}  com.dutybank.MainDutyBank           10-Jan-2021 Sunday CST 08:53:26
{DEBUG}  com.dutybank.MainDutyBank           10-Jan-2021 Sunday CST 08:53:26
{DEBUG}  com.dutybank.MainDutyBank           10-Jan-2021 Sunday CST 08:53:26
{DEBUG}  com.dutybank.MainDutyBank           10-Jan-2021 Sunday CST 08:53:26
{DEBUG}  com.dutybank.MainDutyBank           10-Jan-2021 Sunday CST 08:53:26
{DEBUG}  com.dutybank.MainDutyBank           10-Jan-2021 Sunday CST 08:53:26
{DEBUG}  com.dutybank.MainDutyBank           10-Jan-2021 Sunday CST 08:53:26
{DEBUG}  com.dutybank.MainDutyBank           10-Jan-2021 Sunday CST 08:53:26
{DEBUG}  com.dutybank.MainDutyBank   *       10-Jan-2021 Sunday CST 08:53:26
{DEBUG}  com.dutybank.MainDutyBank           10-Jan-2021 Sunday CST 08:53:26
{DEBUG}  com.dutybank.MainDutyBank   
       10-Jan-2021 Sunday CST 08:53:26
{DEBUG}  com.dutybank.MainDutyBank   *       10-Jan-2021 Sunday CST 08:53:26
{DEBUG}  com.dutybank.MainDutyBank   *       10-Jan-2021 Sunday CST 08:53:26
{DEBUG}  com.dutybank.MainDutyBank   *       10-Jan-2021 Sunday CST 08:53:26
{DEBUG}  com.dutybank.MainDutyBank   *       10-Jan-2021 Sunday CST 08:53:26
{DEBUG}  com.dutybank.MainDutyBank   *       10-Jan-2021 Sunday CST 08:53:26
{DEBUG}  com.dutybank.MainDutyBank   *       10-Jan-2021 Sunday CST 08:53:26
{DEBUG}  com.dutybank.MainDutyBank   *       10-Jan-2021 Sunday CST 08:53:26
{DEBUG}  com.dutybank.MainDutyBank   *       10-Jan-2021 Sunday CST 08:53:26
{DEBUG}  com.dutybank.MainDutyBank   *       10-Jan-2021 Sunday CST 08:53:26
{DEBUG}  com.dutybank.MainDutyBank           10-Jan-2021 Sunday CST 08:53:26
{DEBUG}  com.dutybank.MainDutyBank           10-Jan-2021 Sunday CST 08:53:26
{DEBUG}  com.dutybank.MainDutyBank   
       10-Jan-2021 Sunday CST 08:53:26
{DEBUG}  com.dutybank.MainDutyBank   
Welcome to DutyBank Management System       10-Jan-2021 Sunday CST 08:53:26
{DEBUG}  com.dutybank.MainDutyBank   

********************** LOG IN ****************************       10-Jan-2021 Sunday CST 08:53:26
{DEBUG}  com.dutybank.MainDutyBank   ****************** Select your Option ********************       10-Jan-2021 Sunday CST 08:53:26
{DEBUG}  com.dutybank.MainDutyBank   
     1. Log In       10-Jan-2021 Sunday CST 08:53:26
{DEBUG}  com.dutybank.MainDutyBank        2. Sign Up       10-Jan-2021 Sunday CST 08:53:26
{DEBUG}  com.dutybank.MainDutyBank        3. EXIT       10-Jan-2021 Sunday CST 08:53:26
{DEBUG}  com.dutybank.MainDutyBank   Please type your option       10-Jan-2021 Sunday CST 08:53:26
{DEBUG}  com.dutybank.MainDutyBank   
Welcome to DutyBank Management System       10-Jan-2021 Sunday CST 08:57:10
{DEBUG}  com.dutybank.MainDutyBank   

********************** LOG IN ****************************       10-Jan-2021 Sunday CST 08:57:10
{DEBUG}  com.dutybank.MainDutyBank   ****************** Select your Option ********************       10-Jan-2021 Sunday CST 08:57:10
{DEBUG}  com.dutybank.MainDutyBank   
     1. Log In       10-Jan-2021 Sunday CST 08:57:10
{DEBUG}  com.dutybank.MainDutyBank        2. Sign Up       10-Jan-2021 Sunday CST 08:57:10
{DEBUG}  com.dutybank.MainDutyBank        3. EXIT       10-Jan-2021 Sunday CST 08:57:10
{DEBUG}  com.dutybank.MainDutyBank   Please type your option       10-Jan-2021 Sunday CST 08:57:10
{DEBUG}  com.dutybank.MainDutyBank   Enter your email       10-Jan-2021 Sunday CST 08:57:17
{DEBUG}  com.dutybank.MainDutyBank   Enter your password       10-Jan-2021 Sunday CST 08:57:29
{INFO}  com.dutybank.MainDutyBank   User found with num2@custom.com details of the client are :       10-Jan-2021 Sunday CST 08:57:35
{INFO}  com.dutybank.MainDutyBank   UserLogIn [user_id=2, email=num2@custom.com, password=custom2, creation_date=null]       10-Jan-2021 Sunday CST 08:57:35
{DEBUG}  com.dutybank.MainDutyBank   
************* DutyBank Client Options Menu ***************       10-Jan-2021 Sunday CST 08:57:35
{DEBUG}  com.dutybank.MainDutyBank   
     1. Open a New Account       10-Jan-2021 Sunday CST 08:57:35
{DEBUG}  com.dutybank.MainDutyBank        2. Deposit Money       10-Jan-2021 Sunday CST 08:57:35
{DEBUG}  com.dutybank.MainDutyBank        3. Withdraw Money       10-Jan-2021 Sunday CST 08:57:35
{DEBUG}  com.dutybank.MainDutyBank        4. View Balance       10-Jan-2021 Sunday CST 08:57:35
{DEBUG}  com.dutybank.MainDutyBank        5. Post Money to Transfer       10-Jan-2021 Sunday CST 08:57:35
{DEBUG}  com.dutybank.MainDutyBank        6. Accept Money from Transfer       10-Jan-2021 Sunday CST 08:57:35
{DEBUG}  com.dutybank.MainDutyBank        7. EXIT       10-Jan-2021 Sunday CST 08:57:35
{DEBUG}  com.dutybank.MainDutyBank   
Please enter your choice       10-Jan-2021 Sunday CST 08:57:35
{DEBUG}  com.dutybank.MainDutyBank   Enter Account Id       10-Jan-2021 Sunday CST 08:57:37
{DEBUG}  com.dutybank.MainDutyBank   Enter the account type you want       10-Jan-2021 Sunday CST 08:57:41
{DEBUG}  com.dutybank.MainDutyBank   Enter the amount you want deposit       10-Jan-2021 Sunday CST 08:57:49
{DEBUG}  com.dutybank.MainDutyBank   New account: BankAccount [accountid=1001, accounttype=checks, clientid=2, accountbalance=1254.36, accountrate=0.0, accountopen=Sun Jan 10 08:57:54 CST 2021]       10-Jan-2021 Sunday CST 08:57:54
{ERROR}  com.dutybank.MainDutyBank   Internal Error Ocurred...       10-Jan-2021 Sunday CST 08:58:10
{DEBUG}  com.dutybank.MainDutyBank   
Welcome to DutyBank Management System       10-Jan-2021 Sunday CST 08:58:10
{DEBUG}  com.dutybank.MainDutyBank   

********************** LOG IN ****************************       10-Jan-2021 Sunday CST 08:58:10
{DEBUG}  com.dutybank.MainDutyBank   ****************** Select your Option ********************       10-Jan-2021 Sunday CST 08:58:10
{DEBUG}  com.dutybank.MainDutyBank   
     1. Log In       10-Jan-2021 Sunday CST 08:58:10
{DEBUG}  com.dutybank.MainDutyBank        2. Sign Up       10-Jan-2021 Sunday CST 08:58:10
{DEBUG}  com.dutybank.MainDutyBank        3. EXIT       10-Jan-2021 Sunday CST 08:58:10
{DEBUG}  com.dutybank.MainDutyBank        DDDDDDDDDDD       10-Jan-2021 Sunday CST 11:10:36
{DEBUG}  com.dutybank.MainDutyBank   DDDDDD       10-Jan-2021 Sunday CST 11:10:36
{DEBUG}  com.dutybank.MainDutyBank   
Welcome to DutyBank Management System       10-Jan-2021 Sunday CST 11:10:36
{DEBUG}  com.dutybank.MainDutyBank   

********************** LOG IN ****************************       10-Jan-2021 Sunday CST 11:10:36
{DEBUG}  com.dutybank.MainDutyBank   ****************** Select your Option ********************       10-Jan-2021 Sunday CST 11:10:36
{DEBUG}  com.dutybank.MainDutyBank   
     1. Log In       10-Jan-2021 Sunday CST 11:10:36
{DEBUG}  com.dutybank.MainDutyBank        2. Sign Up       10-Jan-2021 Sunday CST 11:10:36
{DEBUG}  com.dutybank.MainDutyBank        3. EXIT       10-Jan-2021 Sunday CST 11:10:36
{DEBUG}  com.dutybank.MainDutyBank   Please type your option       10-Jan-2021 Sunday CST 11:10:36
{DEBUG}  com.dutybank.MainDutyBank   Enter your email       10-Jan-2021 Sunday CST 11:10:45
{DEBUG}  com.dutybank.MainDutyBank   Enter your password       10-Jan-2021 Sunday CST 11:10:57
{INFO}  com.dutybank.MainDutyBank   User found with num1@custom.com details of the client are :       10-Jan-2021 Sunday CST 11:11:03
{INFO}  com.dutybank.MainDutyBank   UserLogIn [user_id=1, email=num1@custom.com, password=custom1, creation_date=null]       10-Jan-2021 Sunday CST 11:11:03
{DEBUG}  com.dutybank.MainDutyBank        DDDDDDDDDDD       10-Jan-2021 Sunday CST 11:11:03
{DEBUG}  com.dutybank.MainDutyBank   DDDDDD       10-Jan-2021 Sunday CST 11:11:03
{DEBUG}  com.dutybank.MainDutyBank   
************* DutyBank Client Options Menu ***************       10-Jan-2021 Sunday CST 11:11:03
{DEBUG}  com.dutybank.MainDutyBank   
     1. Open a New Account       10-Jan-2021 Sunday CST 11:11:03
{DEBUG}  com.dutybank.MainDutyBank        2. Deposit Money       10-Jan-2021 Sunday CST 11:11:03
{DEBUG}  com.dutybank.MainDutyBank        3. Withdraw Money       10-Jan-2021 Sunday CST 11:11:03
{DEBUG}  com.dutybank.MainDutyBank        4. View Balance       10-Jan-2021 Sunday CST 11:11:03
{DEBUG}  com.dutybank.MainDutyBank        5. Post Money to Transfer       10-Jan-2021 Sunday CST 11:11:03
{DEBUG}  com.dutybank.MainDutyBank        6. Accept Money from Transfer       10-Jan-2021 Sunday CST 11:11:03
{DEBUG}  com.dutybank.MainDutyBank        7. EXIT       10-Jan-2021 Sunday CST 11:11:03
{DEBUG}  com.dutybank.MainDutyBank   
Please enter your choice       10-Jan-2021 Sunday CST 11:11:03
{DEBUG}  com.dutybank.MainDutyBank   Enter Account Id       10-Jan-2021 Sunday CST 11:11:17
{DEBUG}  com.dutybank.MainDutyBank   Enter the account type you want       10-Jan-2021 Sunday CST 11:11:24
{DEBUG}  com.dutybank.MainDutyBank   Enter the amount you want deposit       10-Jan-2021 Sunday CST 11:11:29
{DEBUG}  com.dutybank.MainDutyBank   New account: BankAccount [accountid=1004, accounttype=savings, clientid=1, accountbalance=5423.52, accountrate=0.0375, accountopen=Sun Jan 10 11:11:36 CST 2021]       10-Jan-2021 Sunday CST 11:11:36
{INFO}  com.dutybank.MainDutyBank   Account created successfully       10-Jan-2021 Sunday CST 11:11:36
{DEBUG}  com.dutybank.MainDutyBank   
Please enter your choice       10-Jan-2021 Sunday CST 11:11:36
{DEBUG}  com.dutybank.MainDutyBank        DUTY       10-Jan-2021 Sunday CST 11:13:50
{DEBUG}  com.dutybank.MainDutyBank        BANK       10-Jan-2021 Sunday CST 11:13:50
{DEBUG}  com.dutybank.MainDutyBank   
Welcome to DutyBank Management System       10-Jan-2021 Sunday CST 11:13:50
{DEBUG}  com.dutybank.MainDutyBank   

********************** LOG IN ****************************       10-Jan-2021 Sunday CST 11:13:50
{DEBUG}  com.dutybank.MainDutyBank   ****************** Select your Option ********************       10-Jan-2021 Sunday CST 11:13:50
{DEBUG}  com.dutybank.MainDutyBank   
     1. Log In       10-Jan-2021 Sunday CST 11:13:50
{DEBUG}  com.dutybank.MainDutyBank        2. Sign Up       10-Jan-2021 Sunday CST 11:13:50
{DEBUG}  com.dutybank.MainDutyBank        3. EXIT       10-Jan-2021 Sunday CST 11:13:50
{DEBUG}  com.dutybank.MainDutyBank   Please type your option       10-Jan-2021 Sunday CST 11:13:50
{DEBUG}  com.dutybank.MainDutyBank   Thank you for visiting us!       10-Jan-2021 Sunday CST 11:14:01
